<?xml version="1.0" encoding="UTF-8" ?>
<testsuites disabled="0" errors="0" failures="0" tests="4" time="7.987">
 <testsuite name="focused specs" timestamp="2022-11-17T10:37:20" hostname="localhost" time="7.987" errors="0" tests="4" skipped="0" disabled="0" failures="0">
  <testcase classname="focused specs" name="Compartir producto" time="2.573" />
  <testcase classname="focused specs" name="Notificar producto" time="1.681" />
  <testcase classname="focused specs" name="Ver precios de envío" time="1.777" />
  <testcase classname="focused specs" name="Hacer compra de 2 productos" time="1.953" />
 </testsuite>
 <testsuite name="focused specs.Puppeteer+Jasmine+Jasmine Reporter sample" timestamp="2022-11-17T10:37:28" hostname="localhost" time="0" errors="0" tests="0" skipped="0" disabled="0" failures="0">
 </testsuite>
</testsuites>